This is pdfTeX, Version 3.14159265-2.6-1.40.19 (MiKTeX 2.9.6630 64-bit) (preloaded format=pdflatex 2018.5.12)  12 MAY 2018 11:10
entering extended mode
**./main.tex
(main.tex
LaTeX2e <2017-04-15>
Babel <3.18> and hyphenation patterns for 75 language(s) loaded.

("C:\Users\Justin Koh\AppData\Local\Programs\MiKTeX 2.9\tex\latex\base\article.
cls"
Document Class: article 2014/09/29 v1.4h Standard LaTeX document class

("C:\Users\Justin Koh\AppData\Local\Programs\MiKTeX 2.9\tex\latex\base\size11.c
lo"
File: size11.clo 2014/09/29 v1.4h Standard LaTeX file (size option)
)
\c@part=\count79
\c@section=\count80
\c@subsection=\count81
\c@subsubsection=\count82
\c@paragraph=\count83
\c@subparagraph=\count84
\c@figure=\count85
\c@table=\count86
\abovecaptionskip=\skip41
\belowcaptionskip=\skip42
\bibindent=\dimen102
)
("C:\Users\Justin Koh\AppData\Local\Programs\MiKTeX 2.9\tex\latex\url\url.sty"
\Urlmuskip=\muskip10
Package: url 2013/09/16  ver 3.4  Verb mode for urls, etc.
)
("C:\Users\Justin Koh\AppData\Local\Programs\MiKTeX 2.9\tex\latex\ms\ragged2e.s
ty"
Package: ragged2e 2009/05/21 v2.1 ragged2e Package (MS)

("C:\Users\Justin Koh\AppData\Local\Programs\MiKTeX 2.9\tex\latex\ms\everysel.s
ty"
Package: everysel 2011/10/28 v1.2 EverySelectfont Package (MS)
)
\CenteringLeftskip=\skip43
\RaggedLeftLeftskip=\skip44
\RaggedRightLeftskip=\skip45
\CenteringRightskip=\skip46
\RaggedLeftRightskip=\skip47
\RaggedRightRightskip=\skip48
\CenteringParfillskip=\skip49
\RaggedLeftParfillskip=\skip50
\RaggedRightParfillskip=\skip51
\JustifyingParfillskip=\skip52
\CenteringParindent=\skip53
\RaggedLeftParindent=\skip54
\RaggedRightParindent=\skip55
\JustifyingParindent=\skip56
)
("C:\Users\Justin Koh\AppData\Local\Programs\MiKTeX 2.9\tex\latex\comment\comme
nt.sty"
\CommentStream=\write3
 Excluding comment 'comment')
("C:\Users\Justin Koh\AppData\Local\Programs\MiKTeX 2.9\tex\latex\preprint\full
page.sty"
Package: fullpage 1999/02/23 1.1 (PWD)
\FP@margin=\skip57
)
("C:\Users\Justin Koh\AppData\Local\Programs\MiKTeX 2.9\tex\latex\amsmath\amsma
th.sty"
Package: amsmath 2017/09/02 v2.17a AMS math features
\@mathmargin=\skip58

For additional information on amsmath, use the `?' option.

("C:\Users\Justin Koh\AppData\Local\Programs\MiKTeX 2.9\tex\latex\amsmath\amste
xt.sty"
Package: amstext 2000/06/29 v2.01 AMS text

("C:\Users\Justin Koh\AppData\Local\Programs\MiKTeX 2.9\tex\latex\amsmath\amsge
n.sty"
File: amsgen.sty 1999/11/30 v2.0 generic functions
\@emptytoks=\toks14
\ex@=\dimen103
))
("C:\Users\Justin Koh\AppData\Local\Programs\MiKTeX 2.9\tex\latex\amsmath\amsbs
y.sty"
Package: amsbsy 1999/11/29 v1.2d Bold Symbols
\pmbraise@=\dimen104
)
("C:\Users\Justin Koh\AppData\Local\Programs\MiKTeX 2.9\tex\latex\amsmath\amsop
n.sty"
Package: amsopn 2016/03/08 v2.02 operator names
)
\inf@bad=\count87
LaTeX Info: Redefining \frac on input line 213.
\uproot@=\count88
\leftroot@=\count89
LaTeX Info: Redefining \overline on input line 375.
\classnum@=\count90
\DOTSCASE@=\count91
LaTeX Info: Redefining \ldots on input line 472.
LaTeX Info: Redefining \dots on input line 475.
LaTeX Info: Redefining \cdots on input line 596.
\Mathstrutbox@=\box26
\strutbox@=\box27
\big@size=\dimen105
LaTeX Font Info:    Redeclaring font encoding OML on input line 712.
LaTeX Font Info:    Redeclaring font encoding OMS on input line 713.
\macc@depth=\count92
\c@MaxMatrixCols=\count93
\dotsspace@=\muskip11
\c@parentequation=\count94
\dspbrk@lvl=\count95
\tag@help=\toks15
\row@=\count96
\column@=\count97
\maxfields@=\count98
\andhelp@=\toks16
\eqnshift@=\dimen106
\alignsep@=\dimen107
\tagshift@=\dimen108
\tagwidth@=\dimen109
\totwidth@=\dimen110
\lineht@=\dimen111
\@envbody=\toks17
\multlinegap=\skip59
\multlinetaggap=\skip60
\mathdisplay@stack=\toks18
LaTeX Info: Redefining \[ on input line 2817.
LaTeX Info: Redefining \] on input line 2818.
)
("C:\Users\Justin Koh\AppData\Local\Programs\MiKTeX 2.9\tex\latex\graphics\grap
hicx.sty"
Package: graphicx 2017/06/01 v1.1a Enhanced LaTeX Graphics (DPC,SPQR)

("C:\Users\Justin Koh\AppData\Local\Programs\MiKTeX 2.9\tex\latex\graphics\keyv
al.sty"
Package: keyval 2014/10/28 v1.15 key=value parser (DPC)
\KV@toks@=\toks19
)
("C:\Users\Justin Koh\AppData\Local\Programs\MiKTeX 2.9\tex\latex\graphics\grap
hics.sty"
Package: graphics 2017/06/25 v1.2c Standard LaTeX Graphics (DPC,SPQR)

("C:\Users\Justin Koh\AppData\Local\Programs\MiKTeX 2.9\tex\latex\graphics\trig
.sty"
Package: trig 2016/01/03 v1.10 sin cos tan (DPC)
)
("C:\Users\Justin Koh\AppData\Local\Programs\MiKTeX 2.9\tex\latex\graphics-cfg\
graphics.cfg"
File: graphics.cfg 2016/06/04 v1.11 sample graphics configuration
)
Package graphics Info: Driver file: pdftex.def on input line 99.

("C:\Users\Justin Koh\AppData\Local\Programs\MiKTeX 2.9\tex\latex\graphics-def\
pdftex.def"
File: pdftex.def 2018/01/08 v1.0l Graphics/color driver for pdftex
))
\Gin@req@height=\dimen112
\Gin@req@width=\dimen113
)
("C:\Users\Justin Koh\AppData\Local\Programs\MiKTeX 2.9\tex\latex\booktabs\book
tabs.sty"
Package: booktabs 2005/04/14 v1.61803 publication quality tables
\heavyrulewidth=\dimen114
\lightrulewidth=\dimen115
\cmidrulewidth=\dimen116
\belowrulesep=\dimen117
\belowbottomsep=\dimen118
\aboverulesep=\dimen119
\abovetopsep=\dimen120
\cmidrulesep=\dimen121
\cmidrulekern=\dimen122
\defaultaddspace=\dimen123
\@cmidla=\count99
\@cmidlb=\count100
\@aboverulesep=\dimen124
\@belowrulesep=\dimen125
\@thisruleclass=\count101
\@lastruleclass=\count102
\@thisrulewidth=\dimen126
)
("C:\Users\Justin Koh\AppData\Local\Programs\MiKTeX 2.9\tex\latex\amsfonts\amss
ymb.sty"
Package: amssymb 2013/01/14 v3.01 AMS font symbols

("C:\Users\Justin Koh\AppData\Local\Programs\MiKTeX 2.9\tex\latex\amsfonts\amsf
onts.sty"
Package: amsfonts 2013/01/14 v3.01 Basic AMSFonts support
\symAMSa=\mathgroup4
\symAMSb=\mathgroup5
LaTeX Font Info:    Overwriting math alphabet `\mathfrak' in version `bold'
(Font)                  U/euf/m/n --> U/euf/b/n on input line 106.
))
("C:\Users\Justin Koh\AppData\Local\Programs\MiKTeX 2.9\tex\latex\jknappen\math
rsfs.sty"
Package: mathrsfs 1996/01/01 Math RSFS package v1.0 (jk)
\symrsfs=\mathgroup6
)
("C:\Users\Justin Koh\AppData\Local\Programs\MiKTeX 2.9\tex\latex\amscls\amsthm
.sty"
Package: amsthm 2017/10/31 v2.20.4
\thm@style=\toks20
\thm@bodyfont=\toks21
\thm@headfont=\toks22
\thm@notefont=\toks23
\thm@headpunct=\toks24
\thm@preskip=\skip61
\thm@postskip=\skip62
\thm@headsep=\skip63
\dth@everypar=\toks25
)
("C:\Users\Justin Koh\AppData\Local\Programs\MiKTeX 2.9\tex\latex\algorithms\al
gorithm.sty"
Package: algorithm 2009/08/24 v0.1 Document Style `algorithm' - floating enviro
nment

("C:\Users\Justin Koh\AppData\Local\Programs\MiKTeX 2.9\tex\latex\float\float.s
ty"
Package: float 2001/11/08 v1.3d Float enhancements (AL)
\c@float@type=\count103
\float@exts=\toks26
\float@box=\box28
\@float@everytoks=\toks27
\@floatcapt=\box29
)
("C:\Users\Justin Koh\AppData\Local\Programs\MiKTeX 2.9\tex\latex\base\ifthen.s
ty"
Package: ifthen 2014/09/29 v1.1c Standard LaTeX ifthen package (DPC)
)
\@float@every@algorithm=\toks28
\c@algorithm=\count104
)
("C:\Users\Justin Koh\AppData\Local\Programs\MiKTeX 2.9\tex\latex\algorithms\al
gorithmic.sty"
Package: algorithmic 2009/08/24 v0.1 Document Style `algorithmic'
\c@ALC@unique=\count105
\c@ALC@line=\count106
\c@ALC@rem=\count107
\c@ALC@depth=\count108
\ALC@tlm=\skip64
\algorithmicindent=\skip65
)
("C:\Users\Justin Koh\AppData\Local\Programs\MiKTeX 2.9\tex\latex\framed\framed
.sty"
Package: framed 2011/10/22 v 0.96: framed or shaded text with page breaks
\OuterFrameSep=\skip66
\fb@frw=\dimen127
\fb@frh=\dimen128
\FrameRule=\dimen129
\FrameSep=\dimen130
)
("C:\Users\Justin Koh\AppData\Local\Programs\MiKTeX 2.9\tex\latex\cite\cite.sty
"
LaTeX Info: Redefining \cite on input line 302.
LaTeX Info: Redefining \nocite on input line 332.
Package: cite 2015/02/27  v 5.5
)
\c@theorem=\count109
\c@corollary=\count110
\c@lemma=\count111

("C:\Users\Justin Koh\AppData\Local\Programs\MiKTeX 2.9\tex\latex\setspace\sets
pace.sty"
Package: setspace 2011/12/19 v6.7a set line spacing
)
("C:\Users\Justin Koh\AppData\Local\Programs\MiKTeX 2.9\tex\latex\appendix\appe
ndix.sty"
Package: appendix 2009/09/02 v1.2b extra appendix facilities
\c@@pps=\count112
\c@@ppsavesec=\count113
\c@@ppsaveapp=\count114
)
("C:\Users\Justin Koh\AppData\Local\Programs\MiKTeX 2.9\tex\latex\graphics\colo
r.sty"
Package: color 2016/07/10 v1.1e Standard LaTeX Color (DPC)

("C:\Users\Justin Koh\AppData\Local\Programs\MiKTeX 2.9\tex\latex\graphics-cfg\
color.cfg"
File: color.cfg 2016/01/02 v1.6 sample color configuration
)
Package color Info: Driver file: pdftex.def on input line 147.
) (main.aux (1-Background.aux) (2-Koalition.aux) (3-Analysis.aux)
(4-Competition.aux) (Conclusions.aux) (appendix.aux) (biblio.aux))
\openout1 = `main.aux'.

LaTeX Font Info:    Checking defaults for OML/cmm/m/it on input line 39.
LaTeX Font Info:    ... okay on input line 39.
LaTeX Font Info:    Checking defaults for T1/cmr/m/n on input line 39.
LaTeX Font Info:    ... okay on input line 39.
LaTeX Font Info:    Checking defaults for OT1/cmr/m/n on input line 39.
LaTeX Font Info:    ... okay on input line 39.
LaTeX Font Info:    Checking defaults for OMS/cmsy/m/n on input line 39.
LaTeX Font Info:    ... okay on input line 39.
LaTeX Font Info:    Checking defaults for OMX/cmex/m/n on input line 39.
LaTeX Font Info:    ... okay on input line 39.
LaTeX Font Info:    Checking defaults for U/cmr/m/n on input line 39.
LaTeX Font Info:    ... okay on input line 39.

ABD: EverySelectfont initializing macros
LaTeX Info: Redefining \selectfont on input line 39.

("C:\Users\Justin Koh\AppData\Local\Programs\MiKTeX 2.9\tex\context\base\supp-p
df.mkii"
[Loading MPS to PDF converter (version 2006.09.02).]
\scratchcounter=\count115
\scratchdimen=\dimen131
\scratchbox=\box30
\nofMPsegments=\count116
\nofMParguments=\count117
\everyMPshowfont=\toks29
\MPscratchCnt=\count118
\MPscratchDim=\dimen132
\MPnumerator=\count119
\makeMPintoPDFobject=\count120
\everyMPtoPDFconversion=\toks30
)
("C:\Users\Justin Koh\AppData\Local\Programs\MiKTeX 2.9\tex\latex\oberdiek\epst
opdf-base.sty"
Package: epstopdf-base 2016/05/15 v2.6 Base part for package epstopdf

("C:\Users\Justin Koh\AppData\Local\Programs\MiKTeX 2.9\tex\generic\oberdiek\in
fwarerr.sty"
Package: infwarerr 2016/05/16 v1.4 Providing info/warning/error messages (HO)
)
("C:\Users\Justin Koh\AppData\Local\Programs\MiKTeX 2.9\tex\latex\oberdiek\grfe
xt.sty"
Package: grfext 2016/05/16 v1.2 Manage graphics extensions (HO)

("C:\Users\Justin Koh\AppData\Local\Programs\MiKTeX 2.9\tex\generic\oberdiek\kv
definekeys.sty"
Package: kvdefinekeys 2016/05/16 v1.4 Define keys (HO)

("C:\Users\Justin Koh\AppData\Local\Programs\MiKTeX 2.9\tex\generic\oberdiek\lt
xcmds.sty"
Package: ltxcmds 2016/05/16 v1.23 LaTeX kernel commands for general use (HO)
)))
("C:\Users\Justin Koh\AppData\Local\Programs\MiKTeX 2.9\tex\latex\oberdiek\kvop
tions.sty"
Package: kvoptions 2016/05/16 v3.12 Key value format for package options (HO)

("C:\Users\Justin Koh\AppData\Local\Programs\MiKTeX 2.9\tex\generic\oberdiek\kv
setkeys.sty"
Package: kvsetkeys 2016/05/16 v1.17 Key value parser (HO)

("C:\Users\Justin Koh\AppData\Local\Programs\MiKTeX 2.9\tex\generic\oberdiek\et
excmds.sty"
Package: etexcmds 2016/05/16 v1.6 Avoid name clashes with e-TeX commands (HO)

("C:\Users\Justin Koh\AppData\Local\Programs\MiKTeX 2.9\tex\generic\oberdiek\if
luatex.sty"
Package: ifluatex 2016/05/16 v1.4 Provides the ifluatex switch (HO)
Package ifluatex Info: LuaTeX not detected.
)
Package etexcmds Info: Could not find \expanded.
(etexcmds)             That can mean that you are not using pdfTeX 1.50 or
(etexcmds)             that some package has redefined \expanded.
(etexcmds)             In the latter case, load this package earlier.
)))
("C:\Users\Justin Koh\AppData\Local\Programs\MiKTeX 2.9\tex\generic\oberdiek\pd
ftexcmds.sty"
Package: pdftexcmds 2018/01/21 v0.26 Utility functions of pdfTeX for LuaTeX (HO
)

("C:\Users\Justin Koh\AppData\Local\Programs\MiKTeX 2.9\tex\generic\oberdiek\if
pdf.sty"
Package: ifpdf 2017/03/15 v3.2 Provides the ifpdf switch
)
Package pdftexcmds Info: LuaTeX not detected.
Package pdftexcmds Info: \pdf@primitive is available.
Package pdftexcmds Info: \pdf@ifprimitive is available.
Package pdftexcmds Info: \pdfdraftmode found.
)
Package epstopdf-base Info: Redefining graphics rule for `.eps' on input line 4
38.
Package grfext Info: Graphics extension search list:
(grfext)             [.pdf,.png,.jpg,.mps,.jpeg,.jbig2,.jb2,.PDF,.PNG,.JPG,.JPE
G,.JBIG2,.JB2,.eps]
(grfext)             \AppendGraphicsExtensions on input line 456.
)
<images/KOAlogo.png, id=1, 124.3044pt x 139.722pt>
File: images/KOAlogo.png Graphic file (type png)
<use images/KOAlogo.png>
Package pdftex.def Info: images/KOAlogo.png  used on input line 49.
(pdftex.def)             Requested size: 135.89174pt x 152.75446pt.
<images/KOAbanner.png, id=3, 210.5466pt x 30.3534pt>
File: images/KOAbanner.png Graphic file (type png)
<use images/KOAbanner.png>
Package pdftex.def Info: images/KOAbanner.png  used on input line 49.
(pdftex.def)             Requested size: 135.89174pt x 19.5919pt.
LaTeX Font Info:    Try loading font information for U+msa on input line 49.

("C:\Users\Justin Koh\AppData\Local\Programs\MiKTeX 2.9\tex\latex\amsfonts\umsa
.fd"
File: umsa.fd 2013/01/14 v3.01 AMS symbols A
)
LaTeX Font Info:    Try loading font information for U+msb on input line 49.

("C:\Users\Justin Koh\AppData\Local\Programs\MiKTeX 2.9\tex\latex\amsfonts\umsb
.fd"
File: umsb.fd 2013/01/14 v3.01 AMS symbols B
)
LaTeX Font Info:    Try loading font information for U+rsfs on input line 49.

("C:\Users\Justin Koh\AppData\Local\Programs\MiKTeX 2.9\tex\latex\jknappen\ursf
s.fd"
File: ursfs.fd 1998/03/24 rsfs font definition file (jk)
) (abstract.tex) [1

{C:/Users/Justin Koh/AppData/Local/MiKTeX/2.9/pdftex/config/pdftex.map} <./imag
es/KOAlogo.png> <./images/KOAbanner.png>]
\openout2 = `1-Background.aux'.


(1-Background.tex
Overfull \hbox (1.3662pt too wide) in paragraph at lines 16--17
\OT1/cmr/m/n/10.95 ever, travel com-pa-nies con-tinue to lose mar-ket share to 
On-line Travel Agen-cies (OTAs). OTAs 
 []

[2

] [3]
Overfull \hbox (2.94792pt too wide) in paragraph at lines 29--31
\OT1/cmr/m/n/10.95 Blockchain is a novel tech-nol-ogy that can ad-dress many of
 the pit-falls of cen-tral-ized databases. 
 []


LaTeX Warning: No positions in optional float specifier.
               Default added (so using `tbp') on input line 41.

<images/blockchains.png, id=22, 469.755pt x 316.5426pt>
File: images/blockchains.png Graphic file (type png)
<use images/blockchains.png>
Package pdftex.def Info: images/blockchains.png  used on input line 43.
(pdftex.def)             Requested size: 317.07614pt x 213.66187pt.
[4]
Overfull \hbox (20.31294pt too wide) in paragraph at lines 47--54
[]\OT1/cmr/m/n/10.95 The ad-vent of Bit-coin has helped spawn more ad-vanced bl
ockchain-based plat-forms. Ethereum 
 []

[5 <./images/blockchains.png>]
Overfull \hbox (25.39253pt too wide) in paragraph at lines 81--82
[]\OT1/cmr/m/n/10.95 While per-mis-sioned blockchains are re-garded as an in-du
s-try so-lu-tion, per-mis-sion-less blockchains 
 []


Overfull \hbox (1.15337pt too wide) in paragraph at lines 81--82
\OT1/cmr/m/n/10.95 en-joy first mover's ad-van-tage in terms of com-mu-nity and
 de-vel-op-ment ma-tu-rity. In fact, many 
 []

[6]
LaTeX Font Info:    Try loading font information for OMS+cmr on input line 91.

("C:\Users\Justin Koh\AppData\Local\Programs\MiKTeX 2.9\tex\latex\base\omscmr.f
d"
File: omscmr.fd 2014/09/29 v2.5h Standard LaTeX font definitions
)
LaTeX Font Info:    Font shape `OMS/cmr/m/n' in size <10.95> not available
(Font)              Font shape `OMS/cmsy/m/n' tried instead on input line 91.

Overfull \hbox (0.39304pt too wide) in paragraph at lines 97--98
[]\OT1/cmr/m/n/10.95 Volatility con-trol will in-crease trans-ac-tional value b
y re-mov-ing as-set spec-u-la-tion through 
 []


Overfull \hbox (0.78835pt too wide) in paragraph at lines 105--106
\OT1/cmr/m/n/10.95 LP pro-to-col to scale in the fu-ture it must first be im-pl
e-mented on a per-mis-sion-less blockchain.  
 []

[7]
<images/decisionchart.png, id=40, 468.7914pt x 275.1078pt>
File: images/decisionchart.png Graphic file (type png)
<use images/decisionchart.png>
Package pdftex.def Info: images/decisionchart.png  used on input line 111.
(pdftex.def)             Requested size: 317.07614pt x 186.07594pt.
 [8 <./images/decisionchart.png>] [9]) [10]
\openout2 = `2-Koalition.aux'.

 (2-Koalition.tex
<images/KOAeconomy.png, id=51, 432.1746pt x 300.6432pt>
File: images/KOAeconomy.png Graphic file (type png)
<use images/KOAeconomy.png>
Package pdftex.def Info: images/KOAeconomy.png  used on input line 11.
(pdftex.def)             Requested size: 317.07614pt x 220.58244pt.
 [11


 <./images/KOAeconomy.png>]
<images/competitionpool.png, id=56, 469.755pt x 76.6062pt>
File: images/competitionpool.png Graphic file (type png)
<use images/competitionpool.png>
Package pdftex.def Info: images/competitionpool.png  used on input line 45.
(pdftex.def)             Requested size: 317.07614pt x 51.70811pt.
 [12]
<images/switchingcost.png, id=60, 469.755pt x 74.679pt>
File: images/switchingcost.png Graphic file (type png)
<use images/switchingcost.png>
Package pdftex.def Info: images/switchingcost.png  used on input line 53.
(pdftex.def)             Requested size: 317.07614pt x 50.40727pt.

Overfull \hbox (13.01297pt too wide) in paragraph at lines 49--56
[]\OT1/cmr/m/n/10.95 Furthermore, some mer-chants may be in the same in-dus-try
, but are non-competitive amongst 
 []

<images/redemption.png, id=61, 469.755pt x 71.3064pt>
File: images/redemption.png Graphic file (type png)
<use images/redemption.png>
Package pdftex.def Info: images/redemption.png  used on input line 61.
(pdftex.def)             Requested size: 317.07614pt x 48.1308pt.
[13 <./images/competitionpool.png> <./images/switchingcost.png> <./images/redem
ption.png>]
Overfull \hbox (14.78008pt too wide) in paragraph at lines 78--79
[]\OT1/cmr/m/n/10.95 Targeted of-fers tai-lored to the cus-tomer are cre-ated t
hrough their pur-chase data. Members- 
 []

[14]
Overfull \hbox (2.21794pt too wide) in paragraph at lines 93--94
\OT1/cmr/m/n/10.95 loy-alty pro-grams have a $71%$ higher pro-por-tion of mil-l
en-nial leisure trav-el-ers and a $44%$ higher 
 []


Overfull \hbox (2.15718pt too wide) in paragraph at lines 95--96
\OT1/cmr/m/n/10.95 ex-pe-ri-ence while elim-i-nat-ing book-ing fees for both cu
s-tomers and loy-alty part-ners alike. Koali- 
 []

[15]) [16]
\openout2 = `3-Analysis.aux'.

 (3-Analysis.tex [17


]
Underfull \hbox (badness 10000) in paragraph at lines 47--47
[][]\OT1/cmr/m/n/9 Better to put con-di-tion in terms of LM?-- Need to find out
: Do cus-tomers spend more money with more
 []


Underfull \hbox (badness 10000) in paragraph at lines 47--47
\OT1/cmr/m/n/9 mem-bers in a coali-tion (this af-fect $\OML/cmm/m/it/9 a[]$\OT1
/cmr/m/n/9 )? Do they be-come more fre-quent vis-i-tors at any given mer-chant 
in a
 []


Underfull \hbox (badness 10000) in paragraph at lines 47--47
\OT1/cmr/m/n/9 coali-tion? (this af-fects $\OML/cmm/m/it/9 []$\OT1/cmr/m/n/9 )
 Do they gain more "new" cus-tomers as coali-tion in-creases? (this af-fect $\O
ML/cmm/m/it/9 a[]$\OT1/cmr/m/n/9 ). Note
 []

[18] [19] [20]

LaTeX Warning: No positions in optional float specifier.
               Default added (so using `tbp') on input line 94.

<images/treasury.jpg, id=99, 722.7pt x 542.025pt>
File: images/treasury.jpg Graphic file (type jpg)
<use images/treasury.jpg>
Package pdftex.def Info: images/treasury.jpg  used on input line 96.
(pdftex.def)             Requested size: 317.07614pt x 237.80527pt.
[21] [22 <./images/treasury.jpg>]
Underfull \hbox (badness 10000) in paragraph at lines 146--146
[]\OT1/cmr/m/n/6 Maybe add
 []


Underfull \hbox (badness 10000) in paragraph at lines 146--146
\OML/cmm/m/it/6 S[]$ \OT1/cmr/m/n/6 ex-pla-
 []


Underfull \hbox (badness 10000) in paragraph at lines 146--146
\OT1/cmr/m/n/6 na-tion here?
 []


Underfull \hbox (badness 10000) in paragraph at lines 146--146
[]\OT1/cmr/m/n/6 another test
 []


Underfull \hbox (badness 10000) in paragraph at lines 148--148
[][]\OT1/cmr/m/n/9 In fact it was dis-cov-ered in [24] that buffer stock re-ser
ves con-tain-ing a small per-cent-age of the dis-tributed
 []


Underfull \hbox (badness 10000) in paragraph at lines 148--148
\OT1/cmr/m/n/9 equi-lib-rium sup-ply was suf-fi-cient in main-tain-ing price st
a-bil-ity. In other words, if the sup-ply is close to the fun-
 []


Underfull \hbox (badness 10000) in paragraph at lines 148--148
\OT1/cmr/m/n/9 da-men-tal value (FV) sup-ply, a re-serve sup-ply of about $1$-$
2$ per-cent of the FV sup-ply will be able to keep price
 []


LaTeX Warning: Marginpar on page 23 moved.


Overfull \vbox (0.3304pt too high) has occurred while \output is active []


[23] [24]

LaTeX Warning: No positions in optional float specifier.
               Default added (so using `tbp') on input line 212.


Overfull \hbox (3.1305pt too wide) in paragraph at lines 228--230
\OT1/cmr/m/n/10.95 a-bil-ity that the trea-sury will main-tain its seignior-age
 pool dur-ing a given pe-riod. This is called 
 []

[25] [26]

LaTeX Warning: No positions in optional float specifier.
               Default added (so using `tbp') on input line 259.


Overfull \hbox (27.61598pt too wide) in paragraph at lines 277--278
\OT1/cmr/m/n/10.95 high-light-ing the ro-bust-ness of these re-spec-tive seigni
or-age pools. Note that $\U/msb/m/n/10.95 P$\OT1/cmr/m/n/10.95 (deplete), $\U/m
sb/m/n/10.95 P$\OT1/cmr/m/n/10.95 (replenish), 
 []


Overfull \hbox (25.12173pt too wide) in paragraph at lines 277--278
\OT1/cmr/m/n/10.95 70\OML/cmm/m/it/10.95 :\OT1/cmr/m/n/10.95 12%$ and $84\OML/c
mm/m/it/10.95 :\OT1/cmr/m/n/10.95 49%$ of hold-ing onto its seignior-age dur-in
g a given pe-riod. While a fiat-collateralized 
 []

[27]
Overfull \hbox (0.11702pt too wide) in paragraph at lines 281--283
\OT1/cmr/m/n/10.95 it will of-fer con-sumers \OT1/cmr/m/it/10.95 bonds \OT1/cmr
/m/n/10.95 to fu-ture KOA at an en-tic-ing dis-count, $\OML/cmm/m/it/10.95 []$
 \OT1/cmr/m/n/10.95 such that $\OML/cmm/m/it/10.95 [] >> 
 []


Overfull \hbox (4.46884pt too wide) in paragraph at lines 284--285
[]\OT1/cmr/m/n/10.95 The price of KOA has dropped from $$0\OML/cmm/m/it/10.95 :
\OT1/cmr/m/n/10.95 005$ to $$0\OML/cmm/m/it/10.95 :\OT1/cmr/m/n/10.95 0035$. Si
nce the price has dropped 
 []

[28]) [29]
\openout2 = `4-Competition.aux'.

 (4-Competition.tex
Overfull \hbox (1.97456pt too wide) in paragraph at lines 11--12
\OT1/cmr/m/n/10.95 al-lows is-suers to set a fixed ex-change rate with other bu
si-nesses. This al-lows for multi-branded 
 []


Overfull \hbox (5.3205pt too wide) in paragraph at lines 11--12
\OT1/cmr/m/n/10.95 Loyyal does not have a pub-lic traded to-ken, but rather con
-nects dif-fer-ent LPs to-gether through 
 []

[30


] [31]) [32]
\openout2 = `Conclusions.aux'.

 (Conclusions.tex) [33


]
\openout2 = `appendix.aux'.

 (appendix.tex
Overfull \hbox (26.03532pt too wide) detected at line 14
[]
 []

[34


]
Overfull \hbox (2.16212pt too wide) in paragraph at lines 87--88
\OT1/cmr/m/it/10.95 prob-a-bil-ity that the trea-sury is de-pleted at the end o
f pe-riod T is as fol-lows, where $\U/msb/m/n/10.95 P\OT1/cmr/m/n/10.95 (\OML/c
mm/m/it/10.95 deplete\OT1/cmr/m/n/10.95 ) = 
 []

[35]) [36]
\openout2 = `biblio.aux'.

 (biblio.tex (main.bbl

LaTeX Warning: Citation `https://blog.ethereum.org/2015/08/07/on-public-and-pri
vate-blockchains/' on page 37 undefined on input line 65.


Underfull \hbox (badness 4168) in paragraph at lines 90--94
[]\OT1/cmr/m/n/10.95 Satoshi Nakamoto.  Re: Bit-coin p2p e-cash pa-per.  $\OT1/
cmtt/m/n/10.95 http : / / satoshi . 
 []

[37



] [38])) [39] (main.aux (1-Background.aux) (2-Koalition.aux) (3-Analysis.aux) (
4-Competition.aux) (Conclusions.aux) (appendix.aux) (biblio.aux))

LaTeX Warning: There were undefined references.

 ) 
Here is how much of TeX's memory you used:
 3517 strings out of 493305
 51363 string characters out of 3127625
 114912 words of memory out of 3000000
 6898 multiletter control sequences out of 15000+200000
 16053 words of font info for 63 fonts, out of 3000000 for 9000
 1141 hyphenation exceptions out of 8191
 41i,15n,26p,2293b,349s stack positions out of 5000i,500n,10000p,200000b,50000s
<C:/Users/Justin Koh/AppData/Local/Programs/MiKTeX 2.9/fonts/type1/public/ams
fonts/cm/cmbx10.pfb><C:/Users/Justin Koh/AppData/Local/Programs/MiKTeX 2.9/font
s/type1/public/amsfonts/cm/cmbx12.pfb><C:/Users/Justin Koh/AppData/Local/Progra
ms/MiKTeX 2.9/fonts/type1/public/amsfonts/cm/cmex10.pfb><C:/Users/Justin Koh/Ap
pData/Local/Programs/MiKTeX 2.9/fonts/type1/public/amsfonts/cm/cmmi10.pfb><C:/U
sers/Justin Koh/AppData/Local/Programs/MiKTeX 2.9/fonts/type1/public/amsfonts/c
m/cmmi5.pfb><C:/Users/Justin Koh/AppData/Local/Programs/MiKTeX 2.9/fonts/type1/
public/amsfonts/cm/cmmi6.pfb><C:/Users/Justin Koh/AppData/Local/Programs/MiKTeX
 2.9/fonts/type1/public/amsfonts/cm/cmmi8.pfb><C:/Users/Justin Koh/AppData/Loca
l/Programs/MiKTeX 2.9/fonts/type1/public/amsfonts/cm/cmmi9.pfb><C:/Users/Justin
 Koh/AppData/Local/Programs/MiKTeX 2.9/fonts/type1/public/amsfonts/cm/cmr10.pfb
><C:/Users/Justin Koh/AppData/Local/Programs/MiKTeX 2.9/fonts/type1/public/amsf
onts/cm/cmr12.pfb><C:/Users/Justin Koh/AppData/Local/Programs/MiKTeX 2.9/fonts/
type1/public/amsfonts/cm/cmr17.pfb><C:/Users/Justin Koh/AppData/Local/Programs/
MiKTeX 2.9/fonts/type1/public/amsfonts/cm/cmr6.pfb><C:/Users/Justin Koh/AppData
/Local/Programs/MiKTeX 2.9/fonts/type1/public/amsfonts/cm/cmr8.pfb><C:/Users/Ju
stin Koh/AppData/Local/Programs/MiKTeX 2.9/fonts/type1/public/amsfonts/cm/cmr9.
pfb><C:/Users/Justin Koh/AppData/Local/Programs/MiKTeX 2.9/fonts/type1/public/a
msfonts/cm/cmsy10.pfb><C:/Users/Justin Koh/AppData/Local/Programs/MiKTeX 2.9/fo
nts/type1/public/amsfonts/cm/cmsy6.pfb><C:/Users/Justin Koh/AppData/Local/Progr
ams/MiKTeX 2.9/fonts/type1/public/amsfonts/cm/cmsy8.pfb><C:/Users/Justin Koh/Ap
pData/Local/Programs/MiKTeX 2.9/fonts/type1/public/amsfonts/cm/cmti10.pfb><C:/U
sers/Justin Koh/AppData/Local/Programs/MiKTeX 2.9/fonts/type1/public/amsfonts/c
m/cmtt10.pfb><C:/Users/Justin Koh/AppData/Local/Programs/MiKTeX 2.9/fonts/type1
/public/amsfonts/symbols/msbm10.pfb>
Output written on main.pdf (39 pages, 1304251 bytes).
PDF statistics:
 227 PDF objects out of 1000 (max. 8388607)
 0 named destinations out of 1000 (max. 500000)
 46 words of extra memory for PDF output out of 10000 (max. 10000000)

